0 info it worked if it ends with ok
1 verbose cli [ 'C:\\Program Files\\nodejs\\node.exe',
1 verbose cli   'C:\\Program Files\\nodejs\\node_modules\\npm\\bin\\npm-cli.js',
1 verbose cli   'install',
1 verbose cli   '--save',
1 verbose cli   'simple-oauth2' ]
2 info using npm@2.15.8
3 info using node@v4.4.7
4 verbose install initial load of C:\Users\eche.agubata\Documents\Miracle\Assigned-Email-Issues\package.json
5 warn package.json issues-assigned@1.0.0 No repository field.
6 warn package.json issues-assigned@1.0.0 No README data
7 verbose readDependencies loading dependencies from C:\Users\eche.agubata\Documents\Miracle\Assigned-Email-Issues\package.json
8 silly cache add args [ 'simple-oauth2', null ]
9 verbose cache add spec simple-oauth2
10 silly cache add parsed spec Result {
10 silly cache add   raw: 'simple-oauth2',
10 silly cache add   scope: null,
10 silly cache add   name: 'simple-oauth2',
10 silly cache add   rawSpec: '',
10 silly cache add   spec: 'latest',
10 silly cache add   type: 'tag' }
11 silly addNamed simple-oauth2@latest
12 verbose addNamed "latest" is being treated as a dist-tag for simple-oauth2
13 info addNameTag [ 'simple-oauth2', 'latest' ]
14 silly mapToRegistry name simple-oauth2
15 silly mapToRegistry using default registry
16 silly mapToRegistry registry https://registry.npmjs.org/
17 silly mapToRegistry data Result {
17 silly mapToRegistry   raw: 'simple-oauth2',
17 silly mapToRegistry   scope: null,
17 silly mapToRegistry   name: 'simple-oauth2',
17 silly mapToRegistry   rawSpec: '',
17 silly mapToRegistry   spec: 'latest',
17 silly mapToRegistry   type: 'tag' }
18 silly mapToRegistry uri https://registry.npmjs.org/simple-oauth2
19 verbose addNameTag registry:https://registry.npmjs.org/simple-oauth2 not in flight; fetching
20 verbose request uri https://registry.npmjs.org/simple-oauth2
21 verbose request no auth needed
22 info attempt registry request try #1 at 3:20:03 PM
23 verbose request id 9c58eb4bb0471604
24 http request GET https://registry.npmjs.org/simple-oauth2
25 info retry will retry, error on last attempt: Error: connect ECONNREFUSED 151.101.16.162:443
26 info attempt registry request try #2 at 3:20:14 PM
27 http request GET https://registry.npmjs.org/simple-oauth2
28 info retry will retry, error on last attempt: Error: connect ECONNREFUSED 151.101.16.162:443
29 info attempt registry request try #3 at 3:21:15 PM
30 http request GET https://registry.npmjs.org/simple-oauth2
31 verbose stack Error: connect ECONNREFUSED 151.101.60.162:443
31 verbose stack     at Object.exports._errnoException (util.js:873:11)
31 verbose stack     at exports._exceptionWithHostPort (util.js:896:20)
31 verbose stack     at TCPConnectWrap.afterConnect [as oncomplete] (net.js:1077:14)
32 verbose cwd C:\Users\eche.agubata\Documents\Miracle\Assigned-Email-Issues
33 error Windows_NT 6.3.9600
34 error argv "C:\\Program Files\\nodejs\\node.exe" "C:\\Program Files\\nodejs\\node_modules\\npm\\bin\\npm-cli.js" "install" "--save" "simple-oauth2"
35 error node v4.4.7
36 error npm  v2.15.8
37 error code ECONNREFUSED
38 error errno ECONNREFUSED
39 error syscall connect
40 error Error: connect ECONNREFUSED 151.101.60.162:443
40 error     at Object.exports._errnoException (util.js:873:11)
40 error     at exports._exceptionWithHostPort (util.js:896:20)
40 error     at TCPConnectWrap.afterConnect [as oncomplete] (net.js:1077:14)
40 error  { [Error: connect ECONNREFUSED 151.101.60.162:443]
40 error   code: 'ECONNREFUSED',
40 error   errno: 'ECONNREFUSED',
40 error   syscall: 'connect',
40 error   address: '151.101.60.162',
40 error   port: 443,
40 error   parent: 'issues-assigned' }
41 error If you are behind a proxy, please make sure that the
41 error 'proxy' config is set properly.  See: 'npm help config'
42 verbose exit [ 1, true ]
